<?xml version="1.0" encoding="UTF-8"?>
<!-- Generated by org.testng.reporters.JUnitReportReporter -->
<testsuite skipped="0" hostname="KAMLESH-PC" name="com.xpresso.qa.testcases.Login" tests="1" failures="0" timestamp="04 Jan 2022 04:42:44 GMT" time="0.045" errors="0">
  <testcase name="tesdd" time="0.045" classname="com.xpresso.qa.testcases.Login"/>
</testsuite> <!-- com.xpresso.qa.testcases.Login -->
