<?xml version="1.0" encoding="UTF-8"?>
<!-- Generated by org.testng.reporters.JUnitReportReporter -->
<testsuite hostname="KAMLESH-PC" failures="0" tests="2" name="com.Practise.Handledropdown" time="17.004" errors="0" timestamp="2024-04-08T21:51:11 IST" skipped="1">
  <testcase classname="com.Practise.Handledropdown" name="SelectByVIsibelText" time="17.004"/>
  <testcase classname="com.Practise.Handledropdown" name="SelectAllvalue">
    <skipped/>
  </testcase> <!-- SelectAllvalue -->
</testsuite> <!-- com.Practise.Handledropdown -->
