<?xml version="1.0" encoding="UTF-8"?>
<!-- Generated by org.testng.reporters.JUnitReportReporter -->
<testsuite hostname="KAMLESH-PC" failures="0" tests="1" name="com.Practise.UploadFile" time="10.604" errors="0" timestamp="2024-04-15T22:32:55 IST" skipped="0">
  <testcase classname="com.Practise.UploadFile" name="UploadFile" time="10.604"/>
</testsuite> <!-- com.Practise.UploadFile -->
