<?xml version="1.0" encoding="UTF-8"?>
<!-- Generated by org.testng.reporters.JUnitReportReporter -->
<testsuite skipped="1" hostname="KAMLESH-PC" name="com.xpresso.qa.testcases.Generate_Gold_LoanLeadTest" tests="2" failures="0" timestamp="2023-03-17T15:13:40 IST" time="35.364" errors="0">
  <testcase name="VerifyUserUnableToProceedWithInvalidOTP" time="35.364" classname="com.xpresso.qa.testcases.Generate_Gold_LoanLeadTest"/>
  <system-out/>
  <testcase name="VerifyAdd_GoldLoanLead_Page" classname="com.xpresso.qa.testcases.Generate_Gold_LoanLeadTest">
    <skipped/>
  </testcase> <!-- VerifyAdd_GoldLoanLead_Page -->
  <system-out/>
</testsuite> <!-- com.xpresso.qa.testcases.Generate_Gold_LoanLeadTest -->
