<?xml version="1.0" encoding="UTF-8"?>
<!-- Generated by org.testng.reporters.JUnitReportReporter -->
<testsuite hostname="KAMLESH-PC" failures="0" tests="1" name="com.Practise.XpathCSS" time="5.841" errors="0" timestamp="2024-04-08T22:06:27 IST" skipped="0">
  <testcase classname="com.Practise.XpathCSS" name="WelementLoactor" time="5.841"/>
</testsuite> <!-- com.Practise.XpathCSS -->
