<?xml version="1.0" encoding="UTF-8"?>
<!-- Generated by org.testng.reporters.JUnitReportReporter -->
<testsuite hostname="ROHIT-PC" failures="0" tests="1" name="CareInsurance.Test.CalculatePremiumErrorMessageTest" time="22.991" errors="0" timestamp="2024-11-14T18:03:25 IST" skipped="0">
  <testcase classname="CareInsurance.Test.CalculatePremiumErrorMessageTest" name="calculatePremiumError" time="22.991"/>
  <system-out>
    <![CDATA[random number: 6910255006
this is query: select * from lt_logotp where mobile='6910255006'
this is otp: 2211
this is the text Individual
this is the text Individual]]>
  </system-out>
</testsuite> <!-- CareInsurance.Test.CalculatePremiumErrorMessageTest -->
