<?xml version="1.0" encoding="UTF-8"?>
<!-- Generated by org.testng.reporters.JUnitReportReporter -->
<testsuite hostname="KAMLESH-PC" failures="0" tests="7" name="com.xpresso.qa.testcases.TC01_CspAddComplaintTest" time="32.267" errors="0" timestamp="2024-11-04T15:52:38 IST" skipped="6">
  <testcase classname="com.xpresso.qa.testcases.TC01_CspAddComplaintTest" name="AddnewComplaintWithoutTXID" time="32.267"/>
  <testcase classname="com.xpresso.qa.testcases.TC01_CspAddComplaintTest" name="ValidateWithBlank_SubCategoryType">
    <skipped/>
  </testcase> <!-- ValidateWithBlank_SubCategoryType -->
  <testcase classname="com.xpresso.qa.testcases.TC01_CspAddComplaintTest" name="ValidateWithBlank_ComplaintDsc">
    <skipped/>
  </testcase> <!-- ValidateWithBlank_ComplaintDsc -->
  <testcase classname="com.xpresso.qa.testcases.TC01_CspAddComplaintTest" name="ValidateWithBlank_CategoryType">
    <skipped/>
  </testcase> <!-- ValidateWithBlank_CategoryType -->
  <testcase classname="com.xpresso.qa.testcases.TC01_CspAddComplaintTest" name="AddNewComplaint_InvalidTxID">
    <skipped/>
  </testcase> <!-- AddNewComplaint_InvalidTxID -->
  <testcase classname="com.xpresso.qa.testcases.TC01_CspAddComplaintTest" name="ValidateWithBlank_ApplicationType">
    <skipped/>
  </testcase> <!-- ValidateWithBlank_ApplicationType -->
  <testcase classname="com.xpresso.qa.testcases.TC01_CspAddComplaintTest" name="AddNewComplaint_BlankTxID">
    <skipped/>
  </testcase> <!-- AddNewComplaint_BlankTxID -->
</testsuite> <!-- com.xpresso.qa.testcases.TC01_CspAddComplaintTest -->
