<?xml version="1.0" encoding="UTF-8"?>
<!-- Generated by org.testng.reporters.JUnitReportReporter -->
<testsuite hostname="KAMLESH-PC" failures="0" tests="3" name="com.Practise.HandleAlert" time="22.269" errors="0" timestamp="2024-04-13T17:30:06 IST" skipped="0">
  <testcase classname="com.Practise.HandleAlert" name="DismissAlert" time="8.548"/>
  <testcase classname="com.Practise.HandleAlert" name="AcceptAlert" time="7.041"/>
  <testcase classname="com.Practise.HandleAlert" name="GettextofoAlert" time="6.680"/>
</testsuite> <!-- com.Practise.HandleAlert -->
