<?xml version="1.0" encoding="UTF-8"?>
<!-- Generated by org.testng.reporters.JUnitReportReporter -->
<testsuite hostname="KAMLESH-PC" failures="0" tests="1" name="com.Practise.HandleWindows" time="13.555" errors="0" timestamp="2024-04-14T20:09:20 IST" skipped="0">
  <testcase classname="com.Practise.HandleWindows" name="HandleFrame" time="13.555"/>
</testsuite> <!-- com.Practise.HandleWindows -->
