<?xml version="1.0" encoding="UTF-8"?>
<!-- Generated by org.testng.reporters.JUnitReportReporter -->
<testsuite hostname="KAMLESH-PC" failures="0" tests="1" name="com.Practise.HandleFrame" time="14.579" errors="0" timestamp="2024-04-13T10:03:34 IST" skipped="0">
  <testcase classname="com.Practise.HandleFrame" name="HandleFrame" time="14.579"/>
</testsuite> <!-- com.Practise.HandleFrame -->
