<?xml version="1.0" encoding="UTF-8"?>
<!-- Generated by org.testng.reporters.JUnitReportReporter -->
<testsuite hostname="KAMLESH-PC" failures="0" tests="2" name="com.Practise.ScrollPageDownUP" time="5.486" errors="0" timestamp="2024-04-10T22:06:50 IST" skipped="1">
  <testcase classname="com.Practise.ScrollPageDownUP" name="Enetrvalueinfied" time="5.486"/>
  <testcase classname="com.Practise.ScrollPageDownUP" name="Test">
    <skipped/>
  </testcase> <!-- Test -->
</testsuite> <!-- com.Practise.ScrollPageDownUP -->
