<?xml version="1.0" encoding="UTF-8"?>
<!-- Generated by org.testng.reporters.JUnitReportReporter -->
<testsuite hostname="KAMLESH-PC" failures="0" tests="1" name="com.xpresso.qa.testcases.HelpDesk_CspListComplaint" time="38.413" errors="0" timestamp="2024-11-05T17:21:20 IST" skipped="0">
  <testcase classname="com.xpresso.qa.testcases.HelpDesk_CspListComplaint" name="SearchWithDefaultValue_WithinValidaterange" time="38.413"/>
</testsuite> <!-- com.xpresso.qa.testcases.HelpDesk_CspListComplaint -->
