<?xml version="1.0" encoding="UTF-8"?>
<!-- Generated by org.testng.reporters.JUnitReportReporter -->
<testsuite skipped="0" hostname="KAMLESH-PC" name="com.xpresso.qa.testcases.ListComplaintTest" tests="2" failures="0" timestamp="2023-03-28T13:02:54 IST" time="47.987" errors="0">
  <testcase name="GetCategoryList" time="18.078" classname="com.xpresso.qa.testcases.ListComplaintTest"/>
  <system-out/>
  <testcase name="GetMerchentList" time="29.909" classname="com.xpresso.qa.testcases.ListComplaintTest"/>
  <system-out/>
</testsuite> <!-- com.xpresso.qa.testcases.ListComplaintTest -->
