<?xml version="1.0" encoding="UTF-8"?>
<!-- Generated by org.testng.reporters.JUnitReportReporter -->
<testsuite hostname="KAMLESH-PC" failures="0" tests="1" name="com.Practise.TestAnnotation" time="0.015" errors="0" timestamp="2024-04-10T21:03:56 IST" skipped="0">
  <testcase classname="com.Practise.TestAnnotation" name="test" time="0.015"/>
</testsuite> <!-- com.Practise.TestAnnotation -->
