<?xml version="1.0" encoding="UTF-8"?>
<!-- Generated by org.testng.reporters.JUnitReportReporter -->
<testsuite hostname="KAMLESH-PC" failures="0" tests="7" name="com.xpresso.qa.testcases.Helpdesk_CspAddComplaintTest" time="64.496" errors="0" timestamp="2024-11-08T12:22:10 IST" skipped="5">
  <testcase classname="com.xpresso.qa.testcases.Helpdesk_CspAddComplaintTest" name="AddnewComplaintWithoutTXID" time="32.268"/>
  <testcase classname="com.xpresso.qa.testcases.Helpdesk_CspAddComplaintTest" name="ValidateWithBlank_ApplicationType" time="32.228"/>
  <testcase classname="com.xpresso.qa.testcases.Helpdesk_CspAddComplaintTest" name="ValidateWithBlank_CategoryType">
    <skipped/>
  </testcase> <!-- ValidateWithBlank_CategoryType -->
  <testcase classname="com.xpresso.qa.testcases.Helpdesk_CspAddComplaintTest" name="AddNewComplaint_InvalidTxID">
    <skipped/>
  </testcase> <!-- AddNewComplaint_InvalidTxID -->
  <testcase classname="com.xpresso.qa.testcases.Helpdesk_CspAddComplaintTest" name="ValidateWithBlank_ComplaintDsc">
    <skipped/>
  </testcase> <!-- ValidateWithBlank_ComplaintDsc -->
  <testcase classname="com.xpresso.qa.testcases.Helpdesk_CspAddComplaintTest" name="AddNewComplaint_BlankTxID">
    <skipped/>
  </testcase> <!-- AddNewComplaint_BlankTxID -->
  <testcase classname="com.xpresso.qa.testcases.Helpdesk_CspAddComplaintTest" name="ValidateWithBlank_SubCategoryType">
    <skipped/>
  </testcase> <!-- ValidateWithBlank_SubCategoryType -->
</testsuite> <!-- com.xpresso.qa.testcases.Helpdesk_CspAddComplaintTest -->
